<?xml version="1.0" encoding="UTF-8"?>
<testng-results ignored="0" total="3" passed="3" failed="0" skipped="0">
  <reporter-output>
  </reporter-output>
  <suite started-at="2023-12-11T20:05:31 IST" name="Suite" finished-at="2023-12-11T20:05:39 IST" duration-ms="7777">
    <groups>
    </groups>
    <test started-at="2023-12-11T20:05:31 IST" name="Test" finished-at="2023-12-11T20:05:39 IST" duration-ms="7777">
      <class name="Home">
        <test-method signature="browserConfig()[pri:0, instance:Home@4cc451f2]" started-at="2023-12-11T20:05:31 IST" name="browserConfig" finished-at="2023-12-11T20:05:33 IST" duration-ms="1675" status="PASS">
          <reporter-output>
          </reporter-output>
        </test-method> <!-- browserConfig -->
        <test-method signature="launchBrowser(java.lang.String)[pri:0, instance:Home@4cc451f2]" started-at="2023-12-11T20:05:33 IST" name="launchBrowser" finished-at="2023-12-11T20:05:39 IST" duration-ms="5868" status="PASS">
          <params>
            <param index="0">
              <value>
                <![CDATA[https://www.facebook.com/]]>
              </value>
            </param>
          </params>
          <reporter-output>
          </reporter-output>
        </test-method> <!-- launchBrowser -->
        <test-method signature="maximizeBroswer()[pri:0, instance:Home@4cc451f2]" started-at="2023-12-11T20:05:39 IST" name="maximizeBroswer" finished-at="2023-12-11T20:05:39 IST" duration-ms="156" status="PASS">
          <reporter-output>
          </reporter-output>
        </test-method> <!-- maximizeBroswer -->
      </class> <!-- Home -->
    </test> <!-- Test -->
  </suite> <!-- Suite -->
</testng-results>
